[ 2014-07-21T13:56:47+08:00 ] 0.0.0.0 /gallery/
INFO: [ app_begin ] --START--
INFO: Run ReadHtmlCache Behavior [ RunTime:0.033500s ]
INFO: [ app_begin ] --END-- [ RunTime:0.033612s ]
INFO: [ view_parse ] --START--
INFO: Run ParseTemplate Behavior [ RunTime:0.074495s ]
INFO: [ view_parse ] --END-- [ RunTime:0.074595s ]
INFO: [ view_filter ] --START--
INFO: Run ContentReplace Behavior [ RunTime:0.017251s ]
INFO: Run TokenBuild Behavior [ RunTime:0.034170s ]
INFO: Run WriteHtmlCache Behavior [ RunTime:0.007893s ]
INFO: Run ShowRuntime Behavior [ RunTime:0.009211s ]
INFO: [ view_filter ] --END-- [ RunTime:0.068745s ]
INFO: [ view_end ] --START--
INFO: Run ShowPageTrace Behavior [ RunTime:0.010750s ]
INFO: [ view_end ] --END-- [ RunTime:0.010829s ]

[ 2014-07-21T14:35:15+08:00 ] 0.0.0.0 /gallery/
INFO: [ app_begin ] --START--
INFO: Run ReadHtmlCache Behavior [ RunTime:0.001245s ]
INFO: [ app_begin ] --END-- [ RunTime:0.001347s ]

